{
  "RSpec": {
    "coverage": {
      "/app/app/channels/application_cable/channel.rb": {
        "lines": [
          0,
          0,
          null,
          null
        ],
        "branches": {},
        "methods": {}
      },
      "/app/app/channels/application_cable/connection.rb": {
        "lines": [
          0,
          0,
          null,
          null
        ],
        "branches": {},
        "methods": {}
      },
      "/app/app/controllers/application_controller.rb": {
        "lines": [
          0,
          0,
          0,
          0,
          null,
          0,
          null,
          0,
          0,
          0,
          0,
          null,
          null,
          0,
          0,
          null,
          null,
          0,
          0,
          null,
          null
        ],
        "branches": {
          "[:unless, 0, 9, 4, 9, 33]": {
            "[:then, 1, 9, 4, 9, 10]": 0,
            "[:else, 2, 9, 4, 9, 33]": 0
          },
          "[:if, 3, 10, 6, 10, 84]": {
            "[:then, 4, 10, 6, 10, 12]": 0,
            "[:else, 5, 10, 6, 10, 84]": 0
          },
          "[:unless, 6, 11, 4, 11, 69]": {
            "[:then, 7, 11, 4, 11, 32]": 0,
            "[:else, 8, 11, 4, 11, 69]": 0
          },
          "[:if, 9, 19, 4, 19, 62]": {
            "[:then, 10, 19, 32, 19, 43]": 0,
            "[:else, 11, 19, 46, 19, 62]": 0
          }
        },
        "methods": {
          "[\"ApplicationController\", :require_profile, 8, 2, 12, 5]": 0,
          "[\"ApplicationController\", :after_sign_up_path_for, 14, 2, 16, 5]": 0,
          "[\"ApplicationController\", :after_sign_in_path_for, 18, 2, 20, 5]": 0
        }
      },
      "/app/app/controllers/common_answers_controller.rb": {
        "lines": [
          0,
          0,
          0,
          0,
          0,
          null,
          null,
          0,
          0,
          null,
          0,
          0,
          0,
          0,
          0,
          0,
          0,
          null,
          0,
          0,
          null,
          0,
          null,
          null,
          0,
          null,
          0,
          0,
          0,
          0,
          0,
          0,
          0,
          null,
          0,
          null,
          0,
          null,
          0,
          0,
          null,
          null,
          0,
          null,
          0,
          0,
          0,
          null,
          null,
          null
        ],
        "branches": {
          "[:if, 0, 15, 8, 21, 11]": {
            "[:then, 1, 16, 10, 17, 27]": 0,
            "[:else, 2, 19, 10, 20, 41]": 0
          },
          "[:unless, 3, 30, 6, 30, 26]": {
            "[:then, 4, 30, 6, 30, 10]": 0,
            "[:else, 5, 30, 6, 30, 26]": 0
          },
          "[:if, 6, 32, 6, 36, 9]": {
            "[:then, 7, 33, 8, 33, 83]": 0,
            "[:else, 8, 35, 8, 35, 40]": 0
          },
          "[:\"&.\", 9, 33, 36, 33, 83]": {
            "[:then, 10, 33, 36, 33, 83]": 0,
            "[:else, 11, 33, 36, 33, 83]": 0
          }
        },
        "methods": {
          "[\"CommonAnswersController\", :edit, 3, 2, 6, 5]": 0,
          "[\"CommonAnswersController\", :update, 8, 2, 41, 5]": 0,
          "[\"CommonAnswersController\", :answer_params, 45, 2, 49, 5]": 0
        }
      },
      "/app/app/controllers/manuals_controller.rb": {
        "lines": [
          0,
          0,
          0,
          0,
          0,
          0,
          null,
          null,
          0,
          0,
          null,
          0,
          null,
          0,
          0,
          0,
          0,
          0,
          0,
          0,
          null,
          0,
          0,
          null,
          0,
          null,
          null,
          0,
          null,
          0,
          0,
          0,
          0,
          0,
          0,
          null,
          0,
          null,
          0,
          null,
          0,
          0,
          null,
          null,
          0,
          0,
          null,
          0,
          0,
          null,
          0,
          0,
          0,
          null,
          null,
          0,
          0,
          0,
          null,
          null,
          0,
          0,
          0,
          null,
          0,
          null,
          null,
          0,
          0,
          0,
          0,
          0,
          0,
          0,
          null,
          null,
          null,
          0,
          null,
          null,
          0,
          0,
          0,
          null,
          0,
          null,
          null,
          0,
          0,
          0,
          0,
          0,
          null,
          null,
          null,
          0,
          0,
          null,
          null,
          0,
          null,
          0,
          0,
          null,
          null,
          null,
          0,
          null,
          null,
          0,
          0,
          0,
          null,
          null,
          null
        ],
        "branches": {
          "[:if, 0, 4, 4, 7, 7]": {
            "[:then, 1, 5, 6, 6, 12]": 0,
            "[:else, 2, 4, 4, 7, 7]": 0
          },
          "[:unless, 3, 12, 4, 12, 31]": {
            "[:then, 4, 12, 4, 12, 10]": 0,
            "[:else, 5, 12, 4, 12, 31]": 0
          },
          "[:if, 6, 18, 8, 24, 11]": {
            "[:then, 7, 19, 10, 20, 27]": 0,
            "[:else, 8, 22, 10, 23, 41]": 0
          },
          "[:unless, 9, 32, 6, 32, 26]": {
            "[:then, 10, 32, 6, 32, 10]": 0,
            "[:else, 11, 32, 6, 32, 26]": 0
          },
          "[:if, 12, 34, 6, 38, 9]": {
            "[:then, 13, 35, 8, 35, 83]": 0,
            "[:else, 14, 37, 8, 37, 40]": 0
          },
          "[:\"&.\", 15, 35, 36, 35, 83]": {
            "[:then, 16, 35, 36, 35, 83]": 0,
            "[:else, 17, 35, 36, 35, 83]": 0
          },
          "[:\"&.\", 18, 72, 18, 72, 78]": {
            "[:then, 19, 72, 18, 72, 78]": 0,
            "[:else, 20, 72, 18, 72, 78]": 0
          },
          "[:\"&.\", 21, 72, 18, 72, 42]": {
            "[:then, 22, 72, 18, 72, 42]": 0,
            "[:else, 23, 72, 18, 72, 42]": 0
          },
          "[:\"&.\", 24, 73, 22, 73, 86]": {
            "[:then, 25, 73, 22, 73, 86]": 0,
            "[:else, 26, 73, 22, 73, 86]": 0
          },
          "[:\"&.\", 27, 73, 22, 73, 46]": {
            "[:then, 28, 73, 22, 73, 46]": 0,
            "[:else, 29, 73, 22, 73, 46]": 0
          }
        },
        "methods": {
          "[\"ManualsController\", :step1, 3, 2, 43, 5]": 0,
          "[\"ManualsController\", :step2, 45, 2, 66, 5]": 0,
          "[\"ManualsController\", :step3, 68, 2, 79, 5]": 0,
          "[\"ManualsController\", :step3_save, 81, 2, 86, 5]": 0,
          "[\"ManualsController\", :show, 88, 2, 98, 5]": 0,
          "[\"ManualsController\", :common_answers_for, 102, 2, 108, 5]": 0,
          "[\"ManualsController\", :answer_params, 110, 2, 114, 5]": 0
        }
      },
      "/app/app/controllers/mypage_controller.rb": {
        "lines": [
          0,
          0,
          0,
          0,
          null,
          null,
          null,
          0,
          0,
          null,
          null
        ],
        "branches": {},
        "methods": {
          "[\"MypageController\", :show, 2, 2, 10, 5]": 0
        }
      },
      "/app/app/controllers/pages_controller.rb": {
        "lines": [
          0,
          0,
          null,
          0,
          null,
          null
        ],
        "branches": {},
        "methods": {
          "[\"PagesController\", :top, 4, 2, 5, 5]": 0
        }
      },
      "/app/app/controllers/profiles_controller.rb": {
        "lines": [
          0,
          0,
          0,
          0,
          null,
          null,
          0,
          0,
          0,
          0,
          null,
          0,
          null,
          null,
          null,
          0,
          0,
          null,
          null,
          0,
          0,
          0,
          0,
          null,
          0,
          null,
          null,
          null,
          0,
          null,
          0,
          0,
          null,
          null
        ],
        "branches": {
          "[:if, 0, 9, 4, 13, 7]": {
            "[:then, 1, 10, 6, 10, 93]": 0,
            "[:else, 2, 12, 6, 12, 48]": 0
          },
          "[:if, 3, 22, 4, 26, 7]": {
            "[:then, 4, 23, 6, 23, 80]": 0,
            "[:else, 5, 25, 6, 25, 49]": 0
          }
        },
        "methods": {
          "[\"ProfilesController\", :new, 3, 2, 5, 5]": 0,
          "[\"ProfilesController\", :create, 7, 2, 14, 5]": 0,
          "[\"ProfilesController\", :edit, 16, 2, 18, 5]": 0,
          "[\"ProfilesController\", :update, 20, 2, 27, 5]": 0,
          "[\"ProfilesController\", :profile_params, 31, 2, 33, 5]": 0
        }
      },
      "/app/app/helpers/application_helper.rb": {
        "lines": [
          0,
          0,
          0,
          0,
          0,
          null,
          null
        ],
        "branches": {
          "[:if, 0, 4, 10, 4, 45]": {
            "[:then, 1, 4, 36, 4, 39]": 0,
            "[:else, 2, 4, 42, 4, 45]": 0
          }
        },
        "methods": {
          "[\"ApplicationHelper\", :manual_serial_number, 2, 2, 6, 5]": 0
        }
      },
      "/app/app/jobs/application_job.rb": {
        "lines": [
          0,
          null,
          null,
          null,
          null,
          null,
          null
        ],
        "branches": {},
        "methods": {}
      },
      "/app/app/mailers/application_mailer.rb": {
        "lines": [
          0,
          0,
          0,
          null
        ],
        "branches": {},
        "methods": {}
      },
      "/app/app/models/answer.rb": {
        "lines": [
          0,
          null,
          0,
          0,
          0,
          null,
          null,
          0,
          0,
          0,
          null
        ],
        "branches": {
          "[:\"&.\", 0, 9, 44, 9, 59]": {
            "[:then, 1, 9, 44, 9, 59]": 0,
            "[:else, 2, 9, 44, 9, 59]": 0
          },
          "[:\"&.\", 3, 10, 58, 10, 78]": {
            "[:then, 4, 10, 58, 10, 78]": 0,
            "[:else, 5, 10, 58, 10, 78]": 0
          }
        },
        "methods": {}
      },
      "/app/app/models/application_record.rb": {
        "lines": [
          0,
          0,
          null
        ],
        "branches": {},
        "methods": {}
      },
      "/app/app/models/manual.rb": {
        "lines": [
          0,
          null,
          0,
          0,
          null,
          null,
          0,
          null,
          null,
          0,
          0,
          null,
          null,
          0,
          null,
          0,
          null,
          0,
          0,
          null,
          null
        ],
        "branches": {},
        "methods": {
          "[\"Manual\", :generate_share_token, 18, 2, 20, 5]": 0
        }
      },
      "/app/app/models/manual_ai_text.rb": {
        "lines": [
          0,
          null,
          0,
          null,
          null,
          0,
          null,
          null,
          0,
          0,
          0,
          null,
          null,
          0,
          0,
          null,
          null
        ],
        "branches": {},
        "methods": {
          "[\"ManualAiText\", :diplay_text, 14, 2, 16, 5]": 0
        }
      },
      "/app/app/models/profile.rb": {
        "lines": [
          0,
          null,
          0,
          null,
          0,
          null,
          null,
          null,
          null,
          null,
          null,
          null,
          null,
          null,
          null,
          null,
          null,
          null,
          0,
          null,
          null,
          null,
          null,
          0,
          null,
          null,
          0,
          0,
          0,
          0,
          0,
          null,
          null,
          0,
          0,
          0,
          null,
          null,
          0,
          0,
          0,
          null,
          0,
          0,
          0,
          0,
          0,
          0,
          0,
          0,
          0,
          0,
          0,
          0,
          null,
          null,
          null
        ],
        "branches": {
          "[:unless, 0, 35, 4, 35, 30]": {
            "[:then, 1, 35, 4, 35, 14]": 0,
            "[:else, 2, 35, 4, 35, 30]": 0
          },
          "[:unless, 3, 40, 4, 40, 30]": {
            "[:then, 4, 40, 4, 40, 14]": 0,
            "[:else, 5, 40, 4, 40, 30]": 0
          },
          "[:case, 18, 42, 4, 55, 7]": {
            "[:when, 6, 43, 69, 43, 86]": 0,
            "[:when, 7, 44, 69, 44, 83]": 0,
            "[:when, 8, 45, 69, 45, 83]": 0,
            "[:when, 9, 46, 69, 46, 80]": 0,
            "[:when, 10, 47, 69, 47, 80]": 0,
            "[:when, 11, 48, 69, 48, 83]": 0,
            "[:when, 12, 49, 70, 49, 87]": 0,
            "[:when, 13, 50, 71, 50, 85]": 0,
            "[:when, 14, 51, 71, 51, 82]": 0,
            "[:when, 15, 52, 70, 52, 81]": 0,
            "[:when, 16, 53, 69, 53, 86]": 0,
            "[:else, 17, 54, 9, 54, 20]": 0
          }
        },
        "methods": {
          "[\"Profile\", :age, 34, 2, 37, 5]": 0,
          "[\"Profile\", :zodiac_sign, 39, 2, 56, 5]": 0
        }
      },
      "/app/app/models/question.rb": {
        "lines": [
          0,
          null,
          0,
          0,
          null,
          null,
          0,
          0,
          null,
          null,
          0,
          0,
          0,
          0,
          null,
          null,
          0,
          0,
          null,
          null,
          null,
          null,
          0,
          null,
          null,
          null,
          null,
          null,
          null,
          null,
          null,
          null,
          null,
          null,
          null,
          null,
          null,
          null,
          null,
          null,
          null,
          null,
          null,
          null,
          null,
          0,
          0,
          null,
          null
        ],
        "branches": {},
        "methods": {
          "[\"Question\", :display_label, 46, 2, 48, 5]": 0
        }
      },
      "/app/app/models/question_option.rb": {
        "lines": [
          0,
          null,
          0,
          0,
          null,
          null,
          0,
          0,
          null
        ],
        "branches": {},
        "methods": {}
      },
      "/app/app/models/user.rb": {
        "lines": [
          0,
          0,
          null,
          null,
          null,
          0,
          0,
          0,
          null
        ],
        "branches": {},
        "methods": {}
      },
      "/app/app/services/manual_generator_service.rb": {
        "lines": [
          0,
          0,
          0,
          null,
          null,
          0,
          0,
          null,
          0,
          null,
          null,
          null,
          null,
          null,
          null,
          null,
          null,
          null,
          null,
          0,
          0,
          null,
          null,
          0,
          null,
          0,
          0,
          null,
          null,
          null,
          null,
          null,
          null,
          0,
          0,
          null,
          null,
          null,
          null,
          null,
          null,
          null,
          null,
          null,
          null,
          null,
          null,
          null,
          null,
          null,
          null,
          null,
          null,
          null,
          null,
          null,
          null,
          null,
          null,
          null,
          null,
          null,
          null,
          null,
          null,
          null,
          null,
          null,
          null,
          null,
          null,
          null,
          null,
          null,
          null,
          null,
          null,
          null,
          null,
          null,
          null,
          null,
          null,
          null,
          null,
          null,
          null,
          null,
          null,
          null,
          null,
          null,
          null,
          null,
          null,
          null,
          null,
          null,
          null,
          null,
          null,
          null,
          0,
          0,
          0,
          0,
          null,
          null,
          0,
          0,
          0,
          0,
          null,
          null,
          0,
          0,
          null,
          null,
          null,
          0,
          null,
          null,
          0,
          0,
          0,
          0,
          null,
          null,
          null
        ],
        "branches": {
          "[:if, 0, 125, 14, 125, 86]": {
            "[:then, 1, 125, 43, 125, 72]": 0,
            "[:else, 2, 125, 75, 125, 86]": 0
          },
          "[:\"&.\", 3, 125, 43, 125, 72]": {
            "[:then, 4, 125, 43, 125, 72]": 0,
            "[:else, 5, 125, 43, 125, 72]": 0
          }
        },
        "methods": {
          "[\"ManualGeneratorService\", :initialize, 2, 2, 4, 5]": 0,
          "[\"ManualGeneratorService\", :call, 6, 2, 22, 5]": 0,
          "[\"ManualGeneratorService\", :system_prompt, 26, 2, 32, 5]": 0,
          "[\"ManualGeneratorService\", :user_prompt, 34, 2, 101, 5]": 0,
          "[\"ManualGeneratorService\", :introduction_lines, 103, 2, 107, 5]": 0,
          "[\"ManualGeneratorService\", :analysis_lines, 109, 2, 113, 5]": 0,
          "[\"ManualGeneratorService\", :answers_for, 115, 2, 121, 5]": 0,
          "[\"ManualGeneratorService\", :format_lines, 123, 2, 128, 5]": 0
        }
      }
    },
    "timestamp": 1785218956
  }
}
